[INFO] Scanning for projects...
[INFO] 
[INFO] -----------------------< com.e-commerce:backend >-----------------------
[INFO] Building backend 0.0.1-SNAPSHOT
[INFO]   from pom.xml
[INFO] --------------------------------[ jar ]---------------------------------
[INFO] 
[INFO] --- clean:3.4.1:clean (default-clean) @ backend ---
[INFO] Deleting /Users/ppc/Downloads/backend/target
[INFO] 
[INFO] --- resources:3.3.1:resources (default-resources) @ backend ---
[INFO] Copying 1 resource from src/main/resources to target/classes
[INFO] Copying 2 resources from src/main/resources to target/classes
[INFO] 
[INFO] --- compiler:3.14.0:compile (default-compile) @ backend ---
[INFO] Recompiling the module because of changed source code.
[INFO] Compiling 39 source files with javac [debug parameters release 22] to target/classes
[INFO] /Users/ppc/Downloads/backend/src/main/java/com/e_commerce/backend/config/SecurityConfig.java: /Users/ppc/Downloads/backend/src/main/java/com/e_commerce/backend/config/SecurityConfig.java uses or overrides a deprecated API.
[INFO] /Users/ppc/Downloads/backend/src/main/java/com/e_commerce/backend/config/SecurityConfig.java: Recompile with -Xlint:deprecation for details.
[INFO] -------------------------------------------------------------
[ERROR] COMPILATION ERROR : 
[INFO] -------------------------------------------------------------
[ERROR] /Users/ppc/Downloads/backend/src/main/java/com/e_commerce/backend/controllers/AdminController.java:[25,46] method addProduct in class com.e_commerce.backend.services.ProductService cannot be applied to given types;
  required: com.e_commerce.backend.models.Product,org.springframework.web.multipart.MultipartFile
  found:    com.e_commerce.backend.models.Product
  reason: actual and formal argument lists differ in length
[ERROR] /Users/ppc/Downloads/backend/src/main/java/com/e_commerce/backend/controllers/AdminController.java:[45,43] cannot find symbol
  symbol:   method addProductImage(int,org.springframework.web.multipart.MultipartFile)
  location: variable productService of type com.e_commerce.backend.services.ProductService
[INFO] 2 errors 
[INFO] -------------------------------------------------------------
[INFO] ------------------------------------------------------------------------
[INFO] BUILD FAILURE
[INFO] ------------------------------------------------------------------------
[INFO] Total time:  6.450 s
[INFO] Finished at: 2025-10-16T18:01:46+07:00
[INFO] ------------------------------------------------------------------------
[ERROR] Failed to execute goal org.apache.maven.plugins:maven-compiler-plugin:3.14.0:compile (default-compile) on project backend: Compilation failure: Compilation failure: 
[ERROR] /Users/ppc/Downloads/backend/src/main/java/com/e_commerce/backend/controllers/AdminController.java:[25,46] method addProduct in class com.e_commerce.backend.services.ProductService cannot be applied to given types;
[ERROR]   required: com.e_commerce.backend.models.Product,org.springframework.web.multipart.MultipartFile
[ERROR]   found:    com.e_commerce.backend.models.Product
[ERROR]   reason: actual and formal argument lists differ in length
[ERROR] /Users/ppc/Downloads/backend/src/main/java/com/e_commerce/backend/controllers/AdminController.java:[45,43] cannot find symbol
[ERROR]   symbol:   method addProductImage(int,org.springframework.web.multipart.MultipartFile)
[ERROR]   location: variable productService of type com.e_commerce.backend.services.ProductService
[ERROR] -> [Help 1]
[ERROR] 
[ERROR] To see the full stack trace of the errors, re-run Maven with the -e switch.
[ERROR] Re-run Maven using the -X switch to enable full debug logging.
[ERROR] 
[ERROR] For more information about the errors and possible solutions, please read the following articles:
[ERROR] [Help 1] http://cwiki.apache.org/confluence/display/MAVEN/MojoFailureException
